%このファイルは日本語文字を含みます.
\BOOKMARK [0][-]{chapter.1}{導入}{}% 1
\BOOKMARK [0][-]{chapter.2}{AdS3/CFT2対応}{}% 2
\BOOKMARK [1][-]{section.2.1}{共形対称性}{chapter.2}% 3
\BOOKMARK [2][-]{subsection.2.1.1}{古典的共形対称性}{section.2.1}% 4
\BOOKMARK [2][-]{subsection.2.1.2}{Weylアノマリー}{section.2.1}% 5
\BOOKMARK [1][-]{section.2.2}{2次元共形場理論\(CFT2\)}{chapter.2}% 6
\BOOKMARK [2][-]{subsection.2.2.1}{プライマリー場}{section.2.2}% 7
\BOOKMARK [2][-]{subsection.2.2.2}{共形Ward恒等式}{section.2.2}% 8
\BOOKMARK [2][-]{subsection.2.2.3}{演算子積展開}{section.2.2}% 9
\BOOKMARK [2][-]{subsection.2.2.4}{Virasoro代数}{section.2.2}% 10
\BOOKMARK [2][-]{subsection.2.2.5}{共形境界条件と二重化のトリック}{section.2.2}% 11
\BOOKMARK [2][-]{subsection.2.2.6}{Cardy公式}{section.2.2}% 12
\BOOKMARK [1][-]{section.2.3}{2次元零質量自由スカラー場}{chapter.2}% 13
\BOOKMARK [2][-]{subsection.2.3.1}{頂点演算子}{section.2.3}% 14
\BOOKMARK [2][-]{subsection.2.3.2}{共形境界条件と二重化のトリック}{section.2.3}% 15
\BOOKMARK [2][-]{subsection.2.3.3}{頂点演算子の相関関数}{section.2.3}% 16
\BOOKMARK [2][-]{subsection.2.3.4}{分配関数}{section.2.3}% 17
\BOOKMARK [1][-]{section.2.4}{2次元零質量自由Dirac場}{chapter.2}% 18
\BOOKMARK [2][-]{subsection.2.4.1}{理論の定義}{section.2.4}% 19
\BOOKMARK [2][-]{subsection.2.4.2}{スピン構造}{section.2.4}% 20
\BOOKMARK [2][-]{subsection.2.4.3}{ボソン化}{section.2.4}% 21
\BOOKMARK [2][-]{subsection.2.4.4}{分配関数}{section.2.4}% 22
\BOOKMARK [1][-]{section.2.5}{3次元反de Sitter時空\(AdS3\)}{chapter.2}% 23
\BOOKMARK [2][-]{subsection.2.5.1}{3次元重力理論とChern-Simons作用}{section.2.5}% 24
\BOOKMARK [2][-]{subsection.2.5.2}{漸近的AdS3時空}{section.2.5}% 25
\BOOKMARK [2][-]{subsection.2.5.3}{様々な漸近的AdS3計量}{section.2.5}% 26
\BOOKMARK [2][-]{subsection.2.5.4}{有限温度の計量とHawking-Page相転移}{section.2.5}% 27
\BOOKMARK [2][-]{subsection.2.5.5}{AdS空間での曲線の長さ}{section.2.5}% 28
\BOOKMARK [1][-]{section.2.6}{AdS3/CFT2対応}{chapter.2}% 29
\BOOKMARK [2][-]{subsection.2.6.1}{一般論}{section.2.6}% 30
\BOOKMARK [2][-]{subsection.2.6.2}{状態と時空の対応}{section.2.6}% 31
\BOOKMARK [1][-]{section.2.7}{AdS/BCFTの処方}{chapter.2}% 32
\BOOKMARK [2][-]{subsection.2.7.1}{AdS/BCFTの処方}{section.2.7}% 33
\BOOKMARK [2][-]{subsection.2.7.2}{具体例}{section.2.7}% 34
\BOOKMARK [0][-]{chapter.3}{2次元共形場理論におけるエンタングルメントエントロピー}{}% 35
\BOOKMARK [1][-]{section.3.1}{エンタングルメント}{chapter.3}% 36
\BOOKMARK [2][-]{subsection.3.1.1}{有限次元量子力学におけるエンタングルメント}{section.3.1}% 37
\BOOKMARK [2][-]{subsection.3.1.2}{場の量子論におけるエンタングルメントとは}{section.3.1}% 38
\BOOKMARK [1][-]{section.3.2}{Unruh効果}{chapter.3}% 39
\BOOKMARK [1][-]{section.3.3}{エンタングルメントエントロピー}{chapter.3}% 40
\BOOKMARK [2][-]{subsection.3.3.1}{エンタングルメントエントロピーの定義}{section.3.3}% 41
\BOOKMARK [2][-]{subsection.3.3.2}{相対エントロピーとBekenstein bound}{section.3.3}% 42
\BOOKMARK [2][-]{subsection.3.3.3}{レプリカ法}{section.3.3}% 43
\BOOKMARK [1][-]{section.3.4}{2次元共形場理論におけるエンタングルメントエントロピー}{chapter.3}% 44
\BOOKMARK [2][-]{subsection.3.4.1}{2次元零質量自由ディラック場でのエンタングルメントエントロピー}{section.3.4}% 45
\BOOKMARK [2][-]{subsection.3.4.2}{一般の2次元共形場理論でのエンタングルメントエントロピー}{section.3.4}% 46
\BOOKMARK [1][-]{section.3.5}{AdS3/CFT2対応についての笠-高柳公式}{chapter.3}% 47
\BOOKMARK [2][-]{subsection.3.5.1}{笠-高柳公式}{section.3.5}% 48
\BOOKMARK [2][-]{subsection.3.5.2}{HRT公式}{section.3.5}% 49
\BOOKMARK [0][-]{chapter.4}{2次元共形場理論での分離クエンチ}{}% 50
\BOOKMARK [1][-]{section.4.1}{問題設定}{chapter.4}% 51
\BOOKMARK [1][-]{section.4.2}{自由ディラック場}{chapter.4}% 52
\BOOKMARK [1][-]{section.4.3}{重力双対を持つ共形場理論}{chapter.4}% 53
\BOOKMARK [2][-]{subsection.4.3.1}{AdS/BCFTの処方を用いたEEの解析}{section.4.3}% 54
\BOOKMARK [2][-]{subsection.4.3.2}{AdS側での解釈}{section.4.3}% 55
\BOOKMARK [0][-]{chapter.5}{2次元共形場理論での2重分離クエンチ}{}% 56
\BOOKMARK [1][-]{section.5.1}{問題設定}{chapter.5}% 57
\BOOKMARK [1][-]{section.5.2}{自由Dirac場}{chapter.5}% 58
\BOOKMARK [2][-]{subsection.5.2.1}{EEの時間発展}{section.5.2}% 59
\BOOKMARK [2][-]{subsection.5.2.2}{中央の領域の熱力学的エントロピー}{section.5.2}% 60
\BOOKMARK [1][-]{section.5.3}{重力双対をもつ共形場理論}{chapter.5}% 61
\BOOKMARK [2][-]{subsection.5.3.1}{thermal non-rotating BTZ \(<1\)の場合}{section.5.3}% 62
\BOOKMARK [2][-]{subsection.5.3.2}{thermal AdS \(>1\)の場合}{section.5.3}% 63
\BOOKMARK [1][-]{section.5.4}{2つの1重分離クエンチと2重分離クエンチの比較と重力相互作用}{chapter.5}% 64
\BOOKMARK [0][-]{chapter.6}{まとめと今後の展望}{}% 65
\BOOKMARK [0][-]{appendix.A}{テータ関数の公式}{}% 66
\BOOKMARK [0][-]{appendix.B}{局所分離クエンチで用いた数値計算}{}% 67
\BOOKMARK [0][-]{appendix*.87}{参考文献}{}% 68
